2017-01-13 14:39:45.000 Always, OpenZwave Version 1.4.2320 Starting Up
2017-01-13 14:39:45.002 Info, Setting Up Provided Network Key for Secure Communications
2017-01-13 14:39:45.002 Warning, Failed - Network Key Not Set
2017-01-13 14:39:45.002 Info, mgr,     Added driver for controller /dev/ttyACM0
2017-01-13 14:39:45.002 Info,   Opening controller /dev/ttyACM0
2017-01-13 14:39:45.002 Info, Trying to open serial port /dev/ttyACM0 (attempt 1)
2017-01-13 14:39:45.002 Info, Serial port /dev/ttyACM0 opened (attempt 1)
2017-01-13 14:39:45.002 Info, contrlr, Sending (Command) message (Callback ID=0x00, Expected Reply=0x15) - FUNC_ID_ZW_GET_VERSION: 0x01, 0x03, 0x00, 0x15, 0xe9
2017-01-13 14:39:45.003 Warning, Node003, WARNING: Checksum incorrect - sending NAK
2017-01-13 14:39:45.003 Warning, WARNING: Out of frame flow! (0xaa).  Sending NAK.
2017-01-13 14:39:45.003 Warning, WARNING: Out of frame flow! (0x00).  Sending NAK.
2017-01-13 14:39:45.003 Warning, WARNING: Out of frame flow! (0x2f).  Sending NAK.
2017-01-13 14:39:45.003 Warning, WARNING: Out of frame flow! (0xaf).  Sending NAK.
2017-01-13 14:39:45.003 Warning, WARNING: Out of frame flow! (0x21).  Sending NAK.
2017-01-13 14:39:45.004 Info, contrlr, Sending (Command) message (Attempt 2, Callback ID=0x00, Expected Reply=0x15) - FUNC_ID_ZW_GET_VERSION: 0x01, 0x03, 0x00, 0x15, 0xe9
2017-01-13 14:39:45.006 Info, contrlr, Received reply to FUNC_ID_ZW_GET_VERSION:
2017-01-13 14:39:45.006 Info, contrlr,     Static Controller library, version Z-Wave 3.95
2017-01-13 14:39:45.006 Info, contrlr, Sending (Command) message (Callback ID=0x00, Expected Reply=0x20) - FUNC_ID_ZW_MEMORY_GET_ID: 0x01, 0x03, 0x00, 0x20, 0xdc
2017-01-13 14:39:45.008 Info, contrlr, Received reply to FUNC_ID_ZW_MEMORY_GET_ID. Home ID = 0xdece5e1a.  Our node ID = 1
2017-01-13 14:39:45.008 Info, contrlr, Sending (Command) message (Callback ID=0x00, Expected Reply=0x05) - FUNC_ID_ZW_GET_CONTROLLER_CAPABILITIES: 0x01, 0x03, 0x00, 0x05, 0xf9
2017-01-13 14:39:45.010 Info, contrlr, Received reply to FUNC_ID_ZW_GET_CONTROLLER_CAPABILITIES:
2017-01-13 14:39:45.010 Info, contrlr,     There is no SUC ID Server (SIS) in this network.
2017-01-13 14:39:45.010 Info, contrlr,     The PC controller is a primary controller.
2017-01-13 14:39:45.010 Info, contrlr, Sending (Command) message (Callback ID=0x00, Expected Reply=0x07) - FUNC_ID_SERIAL_API_GET_CAPABILITIES: 0x01, 0x03, 0x00, 0x07, 0xfb
2017-01-13 14:39:45.013 Info, contrlr,  Received reply to FUNC_ID_SERIAL_API_GET_CAPABILITIES
2017-01-13 14:39:45.013 Info, contrlr,     Serial API Version:   1.0
2017-01-13 14:39:45.013 Info, contrlr,     Manufacturer ID:      0x0086
2017-01-13 14:39:45.013 Info, contrlr,     Product Type:         0x0101
2017-01-13 14:39:45.013 Info, contrlr,     Product ID:           0x005a
2017-01-13 14:39:45.013 Info, contrlr, Sending (Command) message (Callback ID=0x00, Expected Reply=0x56) - FUNC_ID_ZW_GET_SUC_NODE_ID: 0x01, 0x03, 0x00, 0x56, 0xaa
2017-01-13 14:39:45.015 Info, contrlr, Received reply to GET_SUC_NODE_ID.  Node ID = 0
2017-01-13 14:39:45.015 Info, Controller Does not Support SUC - Cannot Setup Controller as SUC Node
2017-01-13 14:39:45.015 Info, contrlr, Sending (Command) message (Callback ID=0x00, Expected Reply=0x1c) - FUNC_ID_ZW_GET_RANDOM: 0x01, 0x04, 0x00, 0x1c, 0x20, 0xc7
2017-01-13 14:39:45.071 Info, contrlr, Received reply to FUNC_ID_ZW_GET_RANDOM: true
2017-01-13 14:39:45.071 Info, contrlr, Sending (Command) message (Callback ID=0x00, Expected Reply=0x02) - FUNC_ID_SERIAL_API_GET_INIT_DATA: 0x01, 0x03, 0x00, 0x02, 0xfe
2017-01-13 14:39:45.173 Info, mgr,     Driver with Home ID of 0xdece5e1a is now ready.
2017-01-13 14:39:45.173 Info, 
2017-01-13 14:39:45.174 Info, contrlr, Received reply to FUNC_ID_SERIAL_API_GET_INIT_DATA:
2017-01-13 14:39:45.174 Info, contrlr,     Node 001 - Known
2017-01-13 14:39:45.174 Info, Node001, Node Identity Codes: 0086:0101:005a
2017-01-13 14:39:45.174 Info, contrlr,     Node 002 - Known
2017-01-13 14:39:45.174 Info, Node002, NoOperation::Set - Routing=true
2017-01-13 14:39:45.174 Info, contrlr,     Node 003 - Known
2017-01-13 14:39:45.174 Info, Node003, Node Identity Codes: 027a:0003:0087
2017-01-13 14:39:45.174 Info, Node003, NoOperation::Set - Routing=true
2017-01-13 14:39:45.176 Info, contrlr, Sending (Command) message (Callback ID=0x00, Expected Reply=0x06) - FUNC_ID_SERIAL_API_SET_TIMEOUTS: 0x01, 0x05, 0x00, 0x06, 0x64, 0x0f, 0x97
2017-01-13 14:39:45.184 Info, contrlr, Received reply to FUNC_ID_SERIAL_API_SET_TIMEOUTS
2017-01-13 14:39:45.184 Info, contrlr, Sending (Command) message (Callback ID=0x00, Expected Reply=0x00) - FUNC_ID_SERIAL_API_APPL_NODE_INFORMATION: 0x01, 0x07, 0x00, 0x03, 0x01, 0x02, 0x01, 0x00, 0xf9
2017-01-13 14:39:45.185 Info, Node001, Sending (Command) message (Callback ID=0x00, Expected Reply=0x80) - Get Routing Info (Node=1): 0x01, 0x07, 0x00, 0x80, 0x01, 0x00, 0x00, 0x03, 0x7a
2017-01-13 14:39:45.191 Info, Node001, Received reply to FUNC_ID_ZW_GET_ROUTING_INFO
2017-01-13 14:39:45.191 Info, Node001,     Neighbors of this node are:
2017-01-13 14:39:45.191 Info, Node001,     Node 2
2017-01-13 14:39:45.191 Info, Node001,     Node 3
2017-01-13 14:39:45.191 Info, Node002, Sending (NoOp) message (Callback ID=0x0a, Expected Reply=0x13) - NoOperation_Set (Node=2): 0x01, 0x09, 0x00, 0x13, 0x02, 0x02, 0x00, 0x00, 0x25, 0x0a, 0xca
2017-01-13 14:39:50.370 Info, Node002, WARNING: ZW_SEND_DATA failed. No ACK received - device may be asleep.
2017-01-13 14:39:50.370 Warning, Node002, WARNING: Device is not a sleeping node.
2017-01-13 14:39:50.370 Info, Node002, QueryStageRetry stage Probe requested stage Probe max 3 retries 0 pending 1
2017-01-13 14:39:50.371 Info, Node003, Sending (NoOp) message (Callback ID=0x0b, Expected Reply=0x13) - NoOperation_Set (Node=3): 0x01, 0x09, 0x00, 0x13, 0x03, 0x02, 0x00, 0x00, 0x25, 0x0b, 0xca
2017-01-13 14:39:50.394 Info, Node003, Request RTT 23 Average Request RTT 23
2017-01-13 14:39:50.394 Info, Deleting all return routes from node 3
2017-01-13 14:39:50.394 Info, Node003, Sending (Command) message (Callback ID=0x0c, Expected Reply=0x47) - ControllerCommand_DeleteAllReturnRoutess (Node=3): 0x01, 0x05, 0x00, 0x47, 0x03, 0x0c, 0xb2
2017-01-13 14:39:50.401 Info, Node003, Received reply to FUNC_ID_ZW_DELETE_RETURN_ROUTE - command in progress
2017-01-13 14:39:50.543 Info, Node003, Received reply to FUNC_ID_ZW_DELETE_RETURN_ROUTE for node 3 - SUCCESS
2017-01-13 14:39:50.543 Info, Assigning return route from node 3 to node 1
2017-01-13 14:39:50.543 Info, Node003, Sending (Command) message (Callback ID=0x0d, Expected Reply=0x46) - ControllerCommand_AssignReturnRoute (Node=3): 0x01, 0x06, 0x00, 0x46, 0x03, 0x01, 0x0d, 0xb0
2017-01-13 14:39:50.555 Info, Node003, Received reply to FUNC_ID_ZW_ASSIGN_RETURN_ROUTE - command in progress
2017-01-13 14:39:51.357 Info, Node003, Received reply to FUNC_ID_ZW_ASSIGN_RETURN_ROUTE for node 3 - SUCCESS
2017-01-13 14:39:51.357 Warning, CheckCompletedNodeQueries m_allNodesQueried=0 m_awakeNodesQueried=0
2017-01-13 14:39:51.357 Warning, CheckCompletedNodeQueries all=0, deadFound=0 sleepingOnly=0
2017-01-13 14:39:51.357 Info, Node002, NoOperation::Set - Routing=true
2017-01-13 14:39:51.357 Info, Node002, Sending (NoOp) message (Callback ID=0x0e, Expected Reply=0x13) - NoOperation_Set (Node=2): 0x01, 0x09, 0x00, 0x13, 0x02, 0x02, 0x00, 0x00, 0x25, 0x0e, 0xce
2017-01-13 14:39:54.373 Info, Node003, Received Meter report from node 3: Energy=0.00kWh
2017-01-13 14:39:54.373 Info, Node003,     Previous value was 0.00kWh, received 21 seconds ago.
2017-01-13 14:39:55.361 Info, Node003, Received Meter report from node 3: Power=0.00W
2017-01-13 14:39:55.361 Info, Node003,     Previous value was 0.00W, received 21 seconds ago.
2017-01-13 14:39:56.360 Info, Node003, Received Meter report from node 3: Voltage=121.85V
2017-01-13 14:39:56.360 Info, Node003,     Previous value was 122.02V, received 21 seconds ago.
2017-01-13 14:39:56.454 Info, Node002, WARNING: ZW_SEND_DATA failed. No ACK received - device may be asleep.
2017-01-13 14:39:56.454 Warning, Node002, WARNING: Device is not a sleeping node.
2017-01-13 14:39:56.454 Info, Node002, QueryStageRetry stage Probe requested stage Probe max 3 retries 1 pending 1
2017-01-13 14:39:56.454 Info, Node003, Number of association groups reported for node 3 is 3.
2017-01-13 14:39:56.455 Info, Node003, Get Associations for group 1 of node 3
2017-01-13 14:39:56.455 Info, Node003, Sending (Send) message (Callback ID=0x0f, Expected Reply=0x04) - AssociationCmd_Get (Node=3): 0x01, 0x0a, 0x00, 0x13, 0x03, 0x03, 0x85, 0x02, 0x01, 0x25, 0x0f, 0x4a
2017-01-13 14:39:56.478 Info, Node003, Request RTT 23 Average Request RTT 23
2017-01-13 14:39:56.490 Info, Node003, Response RTT 35 Average Response RTT 35
2017-01-13 14:39:56.490 Info, Node003, Received Association report from node 3, group 1, containing 1 associations
2017-01-13 14:39:56.490 Info, Node003,   The group contains:
2017-01-13 14:39:56.490 Info, Node003,     Node 1
2017-01-13 14:39:56.490 Info, Node003, Get Associations for group 2 of node 3
2017-01-13 14:39:56.490 Info, Node003, Sending (Send) message (Callback ID=0x10, Expected Reply=0x04) - AssociationCmd_Get (Node=3): 0x01, 0x0a, 0x00, 0x13, 0x03, 0x03, 0x85, 0x02, 0x02, 0x25, 0x10, 0x56
2017-01-13 14:39:56.515 Info, Node003, Request RTT 25 Average Request RTT 24
2017-01-13 14:39:56.527 Info, Node003, Response RTT 37 Average Response RTT 36
2017-01-13 14:39:56.527 Info, Node003, Received Association report from node 3, group 2, containing 0 associations
2017-01-13 14:39:56.527 Info, Node003, Get Associations for group 3 of node 3
2017-01-13 14:39:56.527 Info, Node003, Sending (Send) message (Callback ID=0x11, Expected Reply=0x04) - AssociationCmd_Get (Node=3): 0x01, 0x0a, 0x00, 0x13, 0x03, 0x03, 0x85, 0x02, 0x03, 0x25, 0x11, 0x56
2017-01-13 14:39:56.552 Info, Node003, Request RTT 25 Average Request RTT 24
2017-01-13 14:39:56.564 Info, Node003, Response RTT 37 Average Response RTT 36
2017-01-13 14:39:56.564 Info, Node003, Received Association report from node 3, group 3, containing 0 associations
2017-01-13 14:39:56.564 Info, Node003, Querying associations for node 3 is complete.
2017-01-13 14:39:56.564 Info, Node002, NoOperation::Set - Routing=true
2017-01-13 14:39:56.564 Info, Node002, Sending (NoOp) message (Callback ID=0x12, Expected Reply=0x13) - NoOperation_Set (Node=2): 0x01, 0x09, 0x00, 0x13, 0x02, 0x02, 0x00, 0x00, 0x25, 0x12, 0xd2
2017-01-13 14:39:57.589 Info, Node003, Received Meter report from node 3: Current=0.00A
2017-01-13 14:39:57.589 Info, Node003,     Previous value was 0.00A, received 21 seconds ago.
2017-01-13 14:39:57.654 Info, Node003, Received Meter report from node 3: Current=0.00A
2017-01-13 14:39:57.654 Info, Node003,     Previous value was 0.00A, received 21 seconds ago.
2017-01-13 14:40:01.704 Info, Node002, WARNING: ZW_SEND_DATA failed. No ACK received - device may be asleep.
2017-01-13 14:40:01.704 Warning, Node002, WARNING: Device is not a sleeping node.
2017-01-13 14:40:01.704 Error, Node002, ERROR: node presumed dead
2017-01-13 14:40:01.704 Warning, CheckCompletedNodeQueries m_allNodesQueried=0 m_awakeNodesQueried=0
2017-01-13 14:40:01.704 Warning, CheckCompletedNodeQueries all=0, deadFound=1 sleepingOnly=0
2017-01-13 14:40:01.704 Info, Node002, QueryStageRetry stage Probe requested stage Probe max 3 retries 2 pending 1
2017-01-13 14:40:01.705 Info, Node003, Sending (Command) message (Callback ID=0x00, Expected Reply=0x80) - Get Routing Info (Node=3): 0x01, 0x07, 0x00, 0x80, 0x03, 0x00, 0x00, 0x03, 0x78
2017-01-13 14:40:01.709 Info, Node003, Received reply to FUNC_ID_ZW_GET_ROUTING_INFO
2017-01-13 14:40:01.709 Info, Node003,     Neighbors of this node are:
2017-01-13 14:40:01.709 Info, Node003,     Node 1
2017-01-13 14:40:01.709 Info, Node003,     Node 2
2017-01-13 14:40:01.709 Info, Node003, Sending (Query) message (Callback ID=0x13, Expected Reply=0x04) - SwitchAllCmd_Get (Node=3): 0x01, 0x09, 0x00, 0x13, 0x03, 0x02, 0x27, 0x02, 0x25, 0x13, 0xf7
2017-01-13 14:40:01.733 Info, Node003, Request RTT 23 Average Request RTT 23
2017-01-13 14:40:01.744 Info, Node003, Response RTT 35 Average Response RTT 35
2017-01-13 14:40:01.744 Info, Node003, Received SwitchAll report from node 3: Disabled
2017-01-13 14:40:01.744 Info, Node003, Sending (Query) message (Callback ID=0x14, Expected Reply=0x04) - PowerlevelCmd_Get (Node=3): 0x01, 0x09, 0x00, 0x13, 0x03, 0x02, 0x73, 0x02, 0x25, 0x14, 0xa4
2017-01-13 14:40:01.769 Info, Node003, Request RTT 25 Average Request RTT 24
2017-01-13 14:40:01.781 Info, Node003, Response RTT 36 Average Response RTT 35
2017-01-13 14:40:01.781 Info, Node003, Received a PowerLevel report: PowerLevel=Normal, Timeout=0
2017-01-13 14:40:01.781 Info, Node003, Sending (Send) message (Callback ID=0x15, Expected Reply=0x04) - SwitchBinaryCmd_Get (Node=3): 0x01, 0x09, 0x00, 0x13, 0x03, 0x02, 0x25, 0x02, 0x25, 0x15, 0xf3
2017-01-13 14:40:01.806 Info, Node003, Request RTT 25 Average Request RTT 24
2017-01-13 14:40:01.818 Info, Node003, Response RTT 36 Average Response RTT 35
2017-01-13 14:40:01.818 Info, Node003, Received SwitchBinary report from node 3: level=Off
2017-01-13 14:40:01.818 Info, Node003, Sending (Send) message (Callback ID=0x16, Expected Reply=0x04) - MeterCmd_Get (Node=3): 0x01, 0x0a, 0x00, 0x13, 0x03, 0x03, 0x32, 0x01, 0x00, 0x25, 0x16, 0xe6
2017-01-13 14:40:01.843 Info, Node003, Request RTT 25 Average Request RTT 24
2017-01-13 14:40:01.857 Info, Node003, Response RTT 38 Average Response RTT 36
2017-01-13 14:40:01.857 Info, Node003, Received Meter report from node 3: Energy=0.00kWh
2017-01-13 14:40:01.857 Info, Node003,     Previous value was 0.00kWh, received 21 seconds ago.
2017-01-13 14:40:01.857 Info, Node003, Sending (Send) message (Callback ID=0x17, Expected Reply=0x04) - MeterCmd_Get (Node=3): 0x01, 0x0a, 0x00, 0x13, 0x03, 0x03, 0x32, 0x01, 0x10, 0x25, 0x17, 0xf7
2017-01-13 14:40:01.881 Info, Node003, Request RTT 24 Average Request RTT 24
2017-01-13 14:40:01.895 Info, Node003, Response RTT 37 Average Response RTT 36
2017-01-13 14:40:01.895 Info, Node003, Received Meter report from node 3: Power=0.00W
2017-01-13 14:40:01.895 Info, Node003,     Previous value was 0.00W, received 21 seconds ago.
2017-01-13 14:40:01.895 Info, Node003, Sending (Send) message (Callback ID=0x18, Expected Reply=0x04) - MeterCmd_Get (Node=3): 0x01, 0x0a, 0x00, 0x13, 0x03, 0x03, 0x32, 0x01, 0x20, 0x25, 0x18, 0xc8
2017-01-13 14:40:01.920 Info, Node003, Request RTT 24 Average Request RTT 24
2017-01-13 14:40:01.932 Info, Node003, Response RTT 36 Average Response RTT 36
2017-01-13 14:40:01.932 Info, Node003, Received Meter report from node 3: Voltage=121.85V
2017-01-13 14:40:01.932 Info, Node003,     Previous value was 122.02V, received 21 seconds ago.
2017-01-13 14:40:01.932 Info, Node003, Sending (Send) message (Callback ID=0x19, Expected Reply=0x04) - MeterCmd_Get (Node=3): 0x01, 0x0a, 0x00, 0x13, 0x03, 0x03, 0x32, 0x01, 0x28, 0x25, 0x19, 0xc1
2017-01-13 14:40:01.956 Info, Node003, Request RTT 24 Average Request RTT 24
2017-01-13 14:40:01.969 Info, Node003, Response RTT 36 Average Response RTT 36
2017-01-13 14:40:01.969 Info, Node003, Received Meter report from node 3: Current=0.00A
2017-01-13 14:40:01.969 Info, Node003,     Previous value was 0.00A, received 21 seconds ago.
2017-01-13 14:40:01.969 Info, Node003, Sending (Send) message (Callback ID=0x1a, Expected Reply=0x04) - AlarmCmd_Get (Node=3): 0x01, 0x0c, 0x00, 0x13, 0x03, 0x05, 0x71, 0x04, 0x00, 0x08, 0x01, 0x25, 0x1a, 0xa5
2017-01-13 14:40:01.994 Info, Node003, Request RTT 24 Average Request RTT 24
2017-01-13 14:40:02.006 Info, Node003, Response RTT 37 Average Response RTT 36
2017-01-13 14:40:02.006 Info, Node003, Received Alarm report: type=0, level=0, sensorSrcID=0, type:General event:254, status=255
2017-01-13 14:40:02.006 Warning, CheckCompletedNodeQueries m_allNodesQueried=0 m_awakeNodesQueried=0
2017-01-13 14:40:02.006 Warning, CheckCompletedNodeQueries all=1, deadFound=1 sleepingOnly=1
2017-01-13 14:40:02.006 Info,          Node query processing complete except for dead nodes.
2017-01-13 14:40:02.026 Info, Node003, Value::Set - COMMAND_CLASS_CONFIGURATION - Metering Reports Interval - 2 - 1 - 20
2017-01-13 14:40:02.026 Info, Node003, Configuration::Set - Parameter=2, Value=20 Size=2
2017-01-13 14:40:02.026 Info, Node003, Sending (Send) message (Callback ID=0x1b, Expected Reply=0x04) - ConfigurationCmd_Get (Node=3): 0x01, 0x0a, 0x00, 0x13, 0x03, 0x03, 0x70, 0x05, 0x02, 0x25, 0x1b, 0xaf
2017-01-13 14:40:02.049 Info, Node003, Request RTT 23 Average Request RTT 23
2017-01-13 14:40:02.061 Info, Node003, Response RTT 35 Average Response RTT 35
2017-01-13 14:40:02.061 Info, Node003, Received Configuration report: Parameter=2, Value=20
2017-01-13 14:40:02.062 Info, Node003, Sending (Send) message (Callback ID=0x1c, Expected Reply=0x13) - ConfigurationCmd_Set (Node=3): 0x01, 0x0d, 0x00, 0x13, 0x03, 0x06, 0x70, 0x04, 0x02, 0x02, 0x00, 0x14, 0x25, 0x1c, 0xbd
2017-01-13 14:40:02.086 Info, Node003, Request RTT 24 Average Request RTT 23
2017-01-13 14:40:02.086 Info, Node003, Sending (Send) message (Callback ID=0x1d, Expected Reply=0x04) - ConfigurationCmd_Get (Node=3): 0x01, 0x0a, 0x00, 0x13, 0x03, 0x03, 0x70, 0x05, 0x02, 0x25, 0x1d, 0xa9
2017-01-13 14:40:02.110 Info, Node003, Request RTT 23 Average Request RTT 23
2017-01-13 14:40:02.122 Info, Node003, Response RTT 35 Average Response RTT 35
2017-01-13 14:40:02.122 Info, Node003, Received Configuration report: Parameter=2, Value=20
2017-01-13 14:40:02.122 Info, Node003, Sending (Send) message (Callback ID=0x1e, Expected Reply=0x04) - ConfigurationCmd_Get (Node=3): 0x01, 0x0a, 0x00, 0x13, 0x03, 0x03, 0x70, 0x05, 0x02, 0x25, 0x1e, 0xaa
2017-01-13 14:40:02.146 Info, Node003, Request RTT 24 Average Request RTT 23
2017-01-13 14:40:02.158 Info, Node003, Response RTT 36 Average Response RTT 35
2017-01-13 14:40:02.158 Info, Node003, Received Configuration report: Parameter=2, Value=20
2017-01-13 14:40:07.032 Info, Node003, Value::Set - COMMAND_CLASS_SWITCH_BINARY - Switch - 0 - 1 - True
2017-01-13 14:40:07.032 Info, Node003, SwitchBinary::Set - Setting node 3 to On
2017-01-13 14:40:07.032 Info, Node003, Sending (Send) message (Callback ID=0x1f, Expected Reply=0x13) - SwitchBinaryCmd_Set (Node=3): 0x01, 0x0a, 0x00, 0x13, 0x03, 0x03, 0x25, 0x01, 0xff, 0x25, 0x1f, 0x07
2017-01-13 14:40:07.056 Info, Node003, Request RTT 23 Average Request RTT 23
2017-01-13 14:40:07.056 Info, Node003, Sending (Send) message (Callback ID=0x20, Expected Reply=0x04) - SwitchBinaryCmd_Get (Node=3): 0x01, 0x09, 0x00, 0x13, 0x03, 0x02, 0x25, 0x02, 0x25, 0x20, 0xc6
2017-01-13 14:40:07.080 Info, Node003, Request RTT 23 Average Request RTT 23
2017-01-13 14:40:07.091 Info, Node003, Response RTT 34 Average Response RTT 34
2017-01-13 14:40:07.091 Info, Node003, Received SwitchBinary report from node 3: level=On
2017-01-13 14:40:12.075 Info, Node003, Received Meter report from node 3: Energy=0.00kWh
2017-01-13 14:40:12.075 Info, Node003,     Previous value was 0.00kWh, received 18 seconds ago.
2017-01-13 14:40:12.362 Info, Node003, Received Meter report from node 3: Power=0.00W
2017-01-13 14:40:12.362 Info, Node003,     Previous value was 0.00W, received 18 seconds ago.
2017-01-13 14:40:13.359 Info, Node003, Received Meter report from node 3: Voltage=121.75V
2017-01-13 14:40:13.359 Info, Node003,     Previous value was 121.85V, received 18 seconds ago.
2017-01-13 14:40:14.362 Info, Node003, Received Meter report from node 3: Current=0.00A
2017-01-13 14:40:14.362 Info, Node003,     Previous value was 0.00A, received 18 seconds ago.
2017-01-13 14:40:17.042 Info, Node003, Value::Set - COMMAND_CLASS_SWITCH_BINARY - Switch - 0 - 1 - False
2017-01-13 14:40:17.042 Info, Node003, SwitchBinary::Set - Setting node 3 to Off
2017-01-13 14:40:17.042 Info, Node003, Sending (Send) message (Callback ID=0x21, Expected Reply=0x13) - SwitchBinaryCmd_Set (Node=3): 0x01, 0x0a, 0x00, 0x13, 0x03, 0x03, 0x25, 0x01, 0x00, 0x25, 0x21, 0xc6
2017-01-13 14:40:17.066 Info, Node003, Request RTT 23 Average Request RTT 23
2017-01-13 14:40:17.066 Info, Node003, Sending (Send) message (Callback ID=0x22, Expected Reply=0x04) - SwitchBinaryCmd_Get (Node=3): 0x01, 0x09, 0x00, 0x13, 0x03, 0x02, 0x25, 0x02, 0x25, 0x22, 0xc4
2017-01-13 14:40:17.090 Info, Node003, Request RTT 23 Average Request RTT 23
2017-01-13 14:40:17.101 Info, Node003, Response RTT 34 Average Response RTT 34
2017-01-13 14:40:17.101 Info, Node003, Received SwitchBinary report from node 3: level=Off
2017-01-13 14:40:18.044 Info, mgr,     Manager::WriteConfig completed for driver with home ID of 0xdece5e1a
2017-01-13 14:40:19.045 Info, mgr,     Driver for controller /dev/ttyACM0 pending removal
2017-01-13 14:40:19.045 Always, ***************************************************************************
2017-01-13 14:40:19.045 Always, *********************  Cumulative Network Statistics  *********************
2017-01-13 14:40:19.045 Always, *** General
2017-01-13 14:40:19.045 Always, Driver run time: . .  . 0 days, 0 hours, 0 minutes
2017-01-13 14:40:19.045 Always, Frames processed: . . . . . . . . . . . . . . . . . . . . 88
2017-01-13 14:40:19.045 Always, Total messages successfully received: . . . . . . . . . . 87
2017-01-13 14:40:19.045 Always, Total Messages successfully sent: . . . . . . . . . . . . 37
2017-01-13 14:40:19.045 Always, ACKs received from controller:  . . . . . . . . . . . . . 36
2017-01-13 14:40:19.045 Always, *** Errors
2017-01-13 14:40:19.045 Always, Unsolicited messages received while waiting for ACK:  . . 3
2017-01-13 14:40:19.045 Always, Reads aborted due to timeouts:  . . . . . . . . . . . . . 0
2017-01-13 14:40:19.045 Always, Bad checksum errors:  . . . . . . . . . . . . . . . . . . 1
2017-01-13 14:40:19.045 Always, CANs received from controller:  . . . . . . . . . . . . . 1
2017-01-13 14:40:19.045 Always, NAKs received from controller:  . . . . . . . . . . . . . 0
2017-01-13 14:40:19.045 Always, Out of frame data flow errors:  . . . . . . . . . . . . . 5
2017-01-13 14:40:19.045 Always, Messages retransmitted: . . . . . . . . . . . . . . . . . 1
2017-01-13 14:40:19.045 Always, Messages dropped and not delivered: . . . . . . . . . . . 0
2017-01-13 14:40:19.045 Always, ***************************************************************************
2017-01-13 14:40:21.048 Info, mgr,     Driver for controller /dev/ttyACM0 removed
2017-01-13 14:40:22.048 Error, mgr,     Manager::GetDriver failed - Home ID 0xdece5e1a is unknown
2017-01-13 14:40:22.048 Warning, Exception: Manager.cpp:373 - 100 - Invalid HomeId passed to GetDriver
2017-01-13 14:40:22.048 Info, mgr,     GetSendQueueCount() failed - _homeId -556900838 not found
